<?xml version="1.0" encoding="UTF-8"?>
<testng-results ignored="0" total="2" passed="2" failed="0" skipped="0">
  <reporter-output>
  </reporter-output>
  <suite started-at="2018-05-03T07:43:05Z" name="Regression" finished-at="2018-05-03T07:43:32Z" duration-ms="26696">
    <groups>
    </groups>
    <test started-at="2018-05-03T07:43:05Z" name="Testing" finished-at="2018-05-03T07:43:32Z" duration-ms="26696">
      <class name="automationFramework.Login">
        <test-method is-config="true" signature="createFolder()[pri:0, instance:automationFramework.Login@6f6745d6]" started-at="2018-05-03T07:43:05Z" name="createFolder" finished-at="2018-05-03T07:43:05Z" duration-ms="0" status="PASS">
          <reporter-output>
          </reporter-output>
        </test-method> <!-- createFolder -->
        <test-method is-config="true" signature="getdriver()[pri:0, instance:automationFramework.Login@6f6745d6]" started-at="2018-05-03T07:43:05Z" name="getdriver" finished-at="2018-05-03T07:43:30Z" duration-ms="24081" status="PASS">
          <reporter-output>
          </reporter-output>
        </test-method> <!-- getdriver -->
        <test-method signature="Display()[pri:0, instance:automationFramework.Login@6f6745d6]" started-at="2018-05-03T07:43:30Z" name="Display" finished-at="2018-05-03T07:43:30Z" duration-ms="1" status="PASS">
          <reporter-output>
          </reporter-output>
        </test-method> <!-- Display -->
        <test-method is-config="true" signature="createFolder()[pri:0, instance:automationFramework.Login@6f6745d6]" started-at="2018-05-03T07:43:30Z" name="createFolder" finished-at="2018-05-03T07:43:30Z" duration-ms="0" status="PASS">
          <reporter-output>
          </reporter-output>
        </test-method> <!-- createFolder -->
        <test-method is-config="true" signature="getdriver()[pri:0, instance:automationFramework.Login@6f6745d6]" started-at="2018-05-03T07:43:30Z" name="getdriver" finished-at="2018-05-03T07:43:30Z" duration-ms="0" status="PASS">
          <reporter-output>
          </reporter-output>
        </test-method> <!-- getdriver -->
        <test-method signature="SignIn()[pri:0, instance:automationFramework.Login@6f6745d6]" started-at="2018-05-03T07:43:30Z" name="SignIn" finished-at="2018-05-03T07:43:32Z" duration-ms="2578" status="PASS">
          <reporter-output>
          </reporter-output>
        </test-method> <!-- SignIn -->
      </class> <!-- automationFramework.Login -->
    </test> <!-- Testing -->
  </suite> <!-- Regression -->
</testng-results>
